2017-08-28 16:22:00.129  INFO 7864 --- [main] c.d.jack.controller.SpringBootTest       : Starting SpringBootTest on PV-X00115926 with PID 7864 (D:\workspace\spring-boot-web\target\classes started by PVer in D:\workspace\spring-boot-web)
2017-08-28 16:22:00.130  INFO 7864 --- [main] c.d.jack.controller.SpringBootTest       : No active profile set, falling back to default profiles: default
2017-08-28 16:22:00.159  INFO 7864 --- [main] ationConfigEmbeddedWebApplicationContext : Refreshing org.springframework.boot.context.embedded.AnnotationConfigEmbeddedWebApplicationContext@11852a3: startup date [Mon Aug 28 16:22:00 CST 2017]; root of context hierarchy
2017-08-28 16:22:00.475  INFO 7864 --- [main] o.s.b.f.s.DefaultListableBeanFactory     : Overriding bean definition for bean 'beanNameViewResolver' with a different definition: replacing [Root bean: class [null]; scope=; abstract=false; lazyInit=false; autowireMode=3; dependencyCheck=0; autowireCandidate=true; primary=false; factoryBeanName=org.springframework.boot.autoconfigure.web.ErrorMvcAutoConfiguration$WhitelabelErrorViewConfiguration; factoryMethodName=beanNameViewResolver; initMethodName=null; destroyMethodName=(inferred); defined in class path resource [org/springframework/boot/autoconfigure/web/ErrorMvcAutoConfiguration$WhitelabelErrorViewConfiguration.class]] with [Root bean: class [null]; scope=; abstract=false; lazyInit=false; autowireMode=3; dependencyCheck=0; autowireCandidate=true; primary=false; factoryBeanName=org.springframework.boot.autoconfigure.web.WebMvcAutoConfiguration$WebMvcAutoConfigurationAdapter; factoryMethodName=beanNameViewResolver; initMethodName=null; destroyMethodName=(inferred); defined in class path resource [org/springframework/boot/autoconfigure/web/WebMvcAutoConfiguration$WebMvcAutoConfigurationAdapter.class]]
2017-08-28 16:22:00.834  INFO 7864 --- [main] s.b.c.e.t.TomcatEmbeddedServletContainer : Tomcat initialized with port(s): 8080 (http)
2017-08-28 16:22:00.840  INFO 7864 --- [main] o.apache.catalina.core.StandardService   : Starting service Tomcat
2017-08-28 16:22:00.840  INFO 7864 --- [main] org.apache.catalina.core.StandardEngine  : Starting Servlet Engine: Apache Tomcat/8.0.30
2017-08-28 16:22:00.999  INFO 7864 --- [localhost-startStop-1] org.apache.jasper.servlet.TldScanner     : At least one JAR was scanned for TLDs yet contained no TLDs. Enable debug logging for this logger for a complete list of JARs that were scanned but no TLDs were found in them. Skipping unneeded JARs during scanning can improve startup time and JSP compilation time.
2017-08-28 16:22:01.002  INFO 7864 --- [localhost-startStop-1] o.a.c.c.C.[Tomcat].[localhost].[/]       : Initializing Spring embedded WebApplicationContext
2017-08-28 16:22:01.002  INFO 7864 --- [localhost-startStop-1] o.s.web.context.ContextLoader            : Root WebApplicationContext: initialization completed in 843 ms
2017-08-28 16:22:01.157  INFO 7864 --- [localhost-startStop-1] o.s.b.c.e.ServletRegistrationBean        : Mapping servlet: 'jackServlet' to [/jack/*]
2017-08-28 16:22:01.157  INFO 7864 --- [localhost-startStop-1] o.s.b.c.e.ServletRegistrationBean        : Mapping servlet: 'dispatcherServlet' to [/]
2017-08-28 16:22:01.158  INFO 7864 --- [localhost-startStop-1] o.s.b.c.e.ServletRegistrationBean        : Mapping servlet: 'com.dongnao.jack.servlet.JeffServlet' to [/jeff/*]
2017-08-28 16:22:01.159  INFO 7864 --- [localhost-startStop-1] o.s.b.c.embedded.FilterRegistrationBean  : Mapping filter: 'characterEncodingFilter' to: [/*]
2017-08-28 16:22:01.159  INFO 7864 --- [localhost-startStop-1] o.s.b.c.embedded.FilterRegistrationBean  : Mapping filter: 'hiddenHttpMethodFilter' to: [/*]
2017-08-28 16:22:01.159  INFO 7864 --- [localhost-startStop-1] o.s.b.c.embedded.FilterRegistrationBean  : Mapping filter: 'httpPutFormContentFilter' to: [/*]
2017-08-28 16:22:01.159  INFO 7864 --- [localhost-startStop-1] o.s.b.c.embedded.FilterRegistrationBean  : Mapping filter: 'requestContextFilter' to: [/*]
2017-08-28 16:22:01.159  INFO 7864 --- [localhost-startStop-1] o.s.b.c.embedded.FilterRegistrationBean  : Mapping filter: 'jackFilter' to urls: [/*]
2017-08-28 16:22:01.247  INFO 7864 --- [main] s.w.s.m.m.a.RequestMappingHandlerAdapter : Looking for @ControllerAdvice: org.springframework.boot.context.embedded.AnnotationConfigEmbeddedWebApplicationContext@11852a3: startup date [Mon Aug 28 16:22:00 CST 2017]; root of context hierarchy
2017-08-28 16:22:01.284  INFO 7864 --- [main] s.w.s.m.m.a.RequestMappingHandlerMapping : Mapped "{[/freemarker]}" onto public java.lang.String com.dongnao.jack.controller.JackController.freemarker(java.util.Map<java.lang.String, java.lang.Object>)
2017-08-28 16:22:01.285  INFO 7864 --- [main] s.w.s.m.m.a.RequestMappingHandlerMapping : Mapped "{[/login]}" onto public java.lang.String com.dongnao.jack.controller.JackController.login(java.lang.String)
2017-08-28 16:22:01.285  INFO 7864 --- [main] s.w.s.m.m.a.RequestMappingHandlerMapping : Mapped "{[/ || /index]}" onto public java.lang.String com.dongnao.jack.controller.JackController.index(java.util.Map<java.lang.String, java.lang.Object>)
2017-08-28 16:22:01.285  INFO 7864 --- [main] s.w.s.m.m.a.RequestMappingHandlerMapping : Mapped "{[/page]}" onto public org.springframework.web.servlet.ModelAndView com.dongnao.jack.controller.JackController.page()
2017-08-28 16:22:01.286  INFO 7864 --- [main] s.w.s.m.m.a.RequestMappingHandlerMapping : Mapped "{[/error],produces=[text/html]}" onto public org.springframework.web.servlet.ModelAndView org.springframework.boot.autoconfigure.web.BasicErrorController.errorHtml(javax.servlet.http.HttpServletRequest,javax.servlet.http.HttpServletResponse)
2017-08-28 16:22:01.286  INFO 7864 --- [main] s.w.s.m.m.a.RequestMappingHandlerMapping : Mapped "{[/error]}" onto public org.springframework.http.ResponseEntity<java.util.Map<java.lang.String, java.lang.Object>> org.springframework.boot.autoconfigure.web.BasicErrorController.error(javax.servlet.http.HttpServletRequest)
2017-08-28 16:22:01.300  INFO 7864 --- [main] o.s.w.s.handler.SimpleUrlHandlerMapping  : Mapped URL path [/image/**] onto handler of type [class org.springframework.web.servlet.resource.ResourceHttpRequestHandler]
2017-08-28 16:22:01.300  INFO 7864 --- [main] o.s.w.s.handler.SimpleUrlHandlerMapping  : Mapped URL path [/picture/**] onto handler of type [class org.springframework.web.servlet.resource.ResourceHttpRequestHandler]
2017-08-28 16:22:01.300  INFO 7864 --- [main] o.s.w.s.handler.SimpleUrlHandlerMapping  : Mapped URL path [/webjars/**] onto handler of type [class org.springframework.web.servlet.resource.ResourceHttpRequestHandler]
2017-08-28 16:22:01.301  INFO 7864 --- [main] o.s.w.s.handler.SimpleUrlHandlerMapping  : Mapped URL path [/**] onto handler of type [class org.springframework.web.servlet.resource.ResourceHttpRequestHandler]
2017-08-28 16:22:01.321  INFO 7864 --- [main] o.s.w.s.handler.SimpleUrlHandlerMapping  : Mapped URL path [/**/favicon.ico] onto handler of type [class org.springframework.web.servlet.resource.ResourceHttpRequestHandler]
2017-08-28 16:22:01.407  INFO 7864 --- [main] o.s.w.s.v.f.FreeMarkerConfigurer         : ClassTemplateLoader for Spring macros added to FreeMarker configuration
2017-08-28 16:22:01.441  INFO 7864 --- [main] o.s.j.e.a.AnnotationMBeanExporter        : Registering beans for JMX exposure on startup
2017-08-28 16:22:01.480  INFO 7864 --- [main] s.b.c.e.t.TomcatEmbeddedServletContainer : Tomcat started on port(s): 8080 (http)
2017-08-28 16:22:01.485  INFO 7864 --- [main] com.dongnao.jack.runner.StartUp1         : com.dongnao.jack.runner.StartUp1启动加载数据[Ljava.lang.String;@8252d5
2017-08-28 16:22:01.485  INFO 7864 --- [main] c.d.jack.controller.SpringBootTest       : Started SpringBootTest in 1.523 seconds (JVM running for 1.686)
2017-08-28 16:40:01.346  INFO 2560 --- [main] c.d.jack.controller.SpringBootTest       : Starting SpringBootTest on PV-X00115926 with PID 2560 (D:\workspace\spring-boot-web\target\classes started by PVer in D:\workspace\spring-boot-web)
2017-08-28 16:40:01.348  INFO 2560 --- [main] c.d.jack.controller.SpringBootTest       : No active profile set, falling back to default profiles: default
2017-08-28 16:40:01.376  INFO 2560 --- [main] ationConfigEmbeddedWebApplicationContext : Refreshing org.springframework.boot.context.embedded.AnnotationConfigEmbeddedWebApplicationContext@17d6ac2: startup date [Mon Aug 28 16:40:01 CST 2017]; root of context hierarchy
2017-08-28 16:40:01.698  INFO 2560 --- [main] o.s.b.f.s.DefaultListableBeanFactory     : Overriding bean definition for bean 'beanNameViewResolver' with a different definition: replacing [Root bean: class [null]; scope=; abstract=false; lazyInit=false; autowireMode=3; dependencyCheck=0; autowireCandidate=true; primary=false; factoryBeanName=org.springframework.boot.autoconfigure.web.ErrorMvcAutoConfiguration$WhitelabelErrorViewConfiguration; factoryMethodName=beanNameViewResolver; initMethodName=null; destroyMethodName=(inferred); defined in class path resource [org/springframework/boot/autoconfigure/web/ErrorMvcAutoConfiguration$WhitelabelErrorViewConfiguration.class]] with [Root bean: class [null]; scope=; abstract=false; lazyInit=false; autowireMode=3; dependencyCheck=0; autowireCandidate=true; primary=false; factoryBeanName=org.springframework.boot.autoconfigure.web.WebMvcAutoConfiguration$WebMvcAutoConfigurationAdapter; factoryMethodName=beanNameViewResolver; initMethodName=null; destroyMethodName=(inferred); defined in class path resource [org/springframework/boot/autoconfigure/web/WebMvcAutoConfiguration$WebMvcAutoConfigurationAdapter.class]]
2017-08-28 16:40:02.064  INFO 2560 --- [main] s.b.c.e.t.TomcatEmbeddedServletContainer : Tomcat initialized with port(s): 8080 (http)
2017-08-28 16:40:02.070  INFO 2560 --- [main] o.apache.catalina.core.StandardService   : Starting service Tomcat
2017-08-28 16:40:02.070  INFO 2560 --- [main] org.apache.catalina.core.StandardEngine  : Starting Servlet Engine: Apache Tomcat/8.0.30
2017-08-28 16:40:02.229  INFO 2560 --- [localhost-startStop-1] org.apache.jasper.servlet.TldScanner     : At least one JAR was scanned for TLDs yet contained no TLDs. Enable debug logging for this logger for a complete list of JARs that were scanned but no TLDs were found in them. Skipping unneeded JARs during scanning can improve startup time and JSP compilation time.
2017-08-28 16:40:02.232  INFO 2560 --- [localhost-startStop-1] o.a.c.c.C.[Tomcat].[localhost].[/]       : Initializing Spring embedded WebApplicationContext
2017-08-28 16:40:02.232  INFO 2560 --- [localhost-startStop-1] o.s.web.context.ContextLoader            : Root WebApplicationContext: initialization completed in 856 ms
2017-08-28 16:40:02.393  INFO 2560 --- [localhost-startStop-1] o.s.b.c.e.ServletRegistrationBean        : Mapping servlet: 'jackServlet' to [/jack/*]
2017-08-28 16:40:02.394  INFO 2560 --- [localhost-startStop-1] o.s.b.c.e.ServletRegistrationBean        : Mapping servlet: 'dispatcherServlet' to [/]
2017-08-28 16:40:02.394  INFO 2560 --- [localhost-startStop-1] o.s.b.c.e.ServletRegistrationBean        : Mapping servlet: 'com.dongnao.jack.servlet.JeffServlet' to [/jeff/*]
2017-08-28 16:40:02.399  INFO 2560 --- [localhost-startStop-1] o.s.b.c.embedded.FilterRegistrationBean  : Mapping filter: 'characterEncodingFilter' to: [/*]
2017-08-28 16:40:02.399  INFO 2560 --- [localhost-startStop-1] o.s.b.c.embedded.FilterRegistrationBean  : Mapping filter: 'hiddenHttpMethodFilter' to: [/*]
2017-08-28 16:40:02.399  INFO 2560 --- [localhost-startStop-1] o.s.b.c.embedded.FilterRegistrationBean  : Mapping filter: 'httpPutFormContentFilter' to: [/*]
2017-08-28 16:40:02.399  INFO 2560 --- [localhost-startStop-1] o.s.b.c.embedded.FilterRegistrationBean  : Mapping filter: 'requestContextFilter' to: [/*]
2017-08-28 16:40:02.399  INFO 2560 --- [localhost-startStop-1] o.s.b.c.embedded.FilterRegistrationBean  : Mapping filter: 'jackFilter' to urls: [/*]
2017-08-28 16:40:02.492  INFO 2560 --- [main] s.w.s.m.m.a.RequestMappingHandlerAdapter : Looking for @ControllerAdvice: org.springframework.boot.context.embedded.AnnotationConfigEmbeddedWebApplicationContext@17d6ac2: startup date [Mon Aug 28 16:40:01 CST 2017]; root of context hierarchy
2017-08-28 16:40:02.525  INFO 2560 --- [main] s.w.s.m.m.a.RequestMappingHandlerMapping : Mapped "{[/freemarker]}" onto public java.lang.String com.dongnao.jack.controller.JackController.freemarker(java.util.Map<java.lang.String, java.lang.Object>)
2017-08-28 16:40:02.526  INFO 2560 --- [main] s.w.s.m.m.a.RequestMappingHandlerMapping : Mapped "{[/login]}" onto public java.lang.String com.dongnao.jack.controller.JackController.login(java.lang.String)
2017-08-28 16:40:02.526  INFO 2560 --- [main] s.w.s.m.m.a.RequestMappingHandlerMapping : Mapped "{[/ || /index]}" onto public java.lang.String com.dongnao.jack.controller.JackController.index(java.util.Map<java.lang.String, java.lang.Object>)
2017-08-28 16:40:02.526  INFO 2560 --- [main] s.w.s.m.m.a.RequestMappingHandlerMapping : Mapped "{[/page]}" onto public org.springframework.web.servlet.ModelAndView com.dongnao.jack.controller.JackController.page()
2017-08-28 16:40:02.527  INFO 2560 --- [main] s.w.s.m.m.a.RequestMappingHandlerMapping : Mapped "{[/error],produces=[text/html]}" onto public org.springframework.web.servlet.ModelAndView org.springframework.boot.autoconfigure.web.BasicErrorController.errorHtml(javax.servlet.http.HttpServletRequest,javax.servlet.http.HttpServletResponse)
2017-08-28 16:40:02.527  INFO 2560 --- [main] s.w.s.m.m.a.RequestMappingHandlerMapping : Mapped "{[/error]}" onto public org.springframework.http.ResponseEntity<java.util.Map<java.lang.String, java.lang.Object>> org.springframework.boot.autoconfigure.web.BasicErrorController.error(javax.servlet.http.HttpServletRequest)
2017-08-28 16:40:02.544  INFO 2560 --- [main] o.s.w.s.handler.SimpleUrlHandlerMapping  : Mapped URL path [/image/**] onto handler of type [class org.springframework.web.servlet.resource.ResourceHttpRequestHandler]
2017-08-28 16:40:02.544  INFO 2560 --- [main] o.s.w.s.handler.SimpleUrlHandlerMapping  : Mapped URL path [/picture/**] onto handler of type [class org.springframework.web.servlet.resource.ResourceHttpRequestHandler]
2017-08-28 16:40:02.544  INFO 2560 --- [main] o.s.w.s.handler.SimpleUrlHandlerMapping  : Mapped URL path [/webjars/**] onto handler of type [class org.springframework.web.servlet.resource.ResourceHttpRequestHandler]
2017-08-28 16:40:02.544  INFO 2560 --- [main] o.s.w.s.handler.SimpleUrlHandlerMapping  : Mapped URL path [/**] onto handler of type [class org.springframework.web.servlet.resource.ResourceHttpRequestHandler]
2017-08-28 16:40:02.565  INFO 2560 --- [main] o.s.w.s.handler.SimpleUrlHandlerMapping  : Mapped URL path [/**/favicon.ico] onto handler of type [class org.springframework.web.servlet.resource.ResourceHttpRequestHandler]
2017-08-28 16:40:02.655  INFO 2560 --- [main] o.s.w.s.v.f.FreeMarkerConfigurer         : ClassTemplateLoader for Spring macros added to FreeMarker configuration
2017-08-28 16:40:02.692  INFO 2560 --- [main] o.s.j.e.a.AnnotationMBeanExporter        : Registering beans for JMX exposure on startup
2017-08-28 16:40:02.781  INFO 2560 --- [main] s.b.c.e.t.TomcatEmbeddedServletContainer : Tomcat started on port(s): 8080 (http)
2017-08-28 16:40:02.783  INFO 2560 --- [main] com.dongnao.jack.runner.StartUp1         : com.dongnao.jack.runner.StartUp1启动加载数据[Ljava.lang.String;@9770b
2017-08-28 16:40:02.784  INFO 2560 --- [main] c.d.jack.controller.SpringBootTest       : Started SpringBootTest in 1.591 seconds (JVM running for 1.865)
